<?xml version="1.0" encoding="UTF-8"?>
<testng-results skipped="0" failed="0" ignored="0" total="2" passed="2">
  <reporter-output>
  </reporter-output>
  <suite name="Suite" duration-ms="28732" started-at="2021-02-02T04:20:50Z" finished-at="2021-02-02T04:21:19Z">
    <groups>
    </groups>
    <test name="Test" duration-ms="28732" started-at="2021-02-02T04:20:50Z" finished-at="2021-02-02T04:21:19Z">
      <class name="com.OrangeHRM.LoginPage">
        <test-method status="PASS" signature="LoginwithValidCredentials()[pri:0, instance:com.OrangeHRM.LoginPage@3482bc76]" name="LoginwithValidCredentials" duration-ms="28689" started-at="2021-02-02T09:50:50Z" finished-at="2021-02-02T09:51:19Z">
          <reporter-output>
          </reporter-output>
        </test-method> <!-- LoginwithValidCredentials -->
      </class> <!-- com.OrangeHRM.LoginPage -->
    </test> <!-- Test -->
  </suite> <!-- Suite -->
  <suite name="Suite (0)" duration-ms="25703" started-at="2021-02-02T04:21:19Z" finished-at="2021-02-02T04:21:44Z">
    <groups>
    </groups>
    <test name="Test" duration-ms="25703" started-at="2021-02-02T04:21:19Z" finished-at="2021-02-02T04:21:44Z">
      <class name="com.OrangeHRM.OrangeHRM_TestNG">
        <test-method status="PASS" signature="Login()[pri:0, instance:com.OrangeHRM.OrangeHRM_TestNG@61f261a9]" name="Login" duration-ms="25702" started-at="2021-02-02T09:51:19Z" finished-at="2021-02-02T09:51:44Z">
          <reporter-output>
          </reporter-output>
        </test-method> <!-- Login -->
      </class> <!-- com.OrangeHRM.OrangeHRM_TestNG -->
    </test> <!-- Test -->
  </suite> <!-- Suite (0) -->
</testng-results>
